000 (239046.000.000) 2025-08-05 16:05:40 Job submitted from host: <131.225.189.251:9618?addrs=131.225.189.251-9618+[2620-6a-0-8421--e8]-9618&alias=lpcschedd4.fnal.gov&noUDP&sock=schedd_12773_cb47>
...
040 (239046.000.000) 2025-08-05 16:05:55 Started transferring input files
	Transferring to host: <131.225.207.98:9618?addrs=[2620-6a-0-8420-f0-0-207-98]-9618+131.225.207.98-9618&alias=cmswn2188.fnal.gov&noUDP&sock=slot1_1_2002_570a_21744>
...
040 (239046.000.000) 2025-08-05 16:05:55 Finished transferring input files
...
001 (239046.000.000) 2025-08-05 16:05:56 Job executing on host: <131.225.207.98:9618?addrs=[2620-6a-0-8420-f0-0-207-98]-9618+131.225.207.98-9618&alias=cmswn2188.fnal.gov&noUDP&sock=startd_1897_c33f>
	SlotName: slot1_1@cmswn2188.fnal.gov
	CondorScratchDir = "/storage/local/data1/condor/execute/dir_1859626"
	Cpus = 8
	Disk = 4322
	GPUs = 0
	Memory = 8000
...
006 (239046.000.000) 2025-08-05 16:06:05 Image size of job updated: 38
	38  -  MemoryUsage of job (MB)
	39056  -  ResidentSetSize of job (KB)
...
006 (239046.000.000) 2025-08-05 16:07:06 Image size of job updated: 44
	44  -  MemoryUsage of job (MB)
	45260  -  ResidentSetSize of job (KB)
...
006 (239046.000.000) 2025-08-05 16:08:06 Image size of job updated: 131
	131  -  MemoryUsage of job (MB)
	134980  -  ResidentSetSize of job (KB)
...
006 (239046.000.000) 2025-08-05 16:09:07 Image size of job updated: 179
	179  -  MemoryUsage of job (MB)
	183864  -  ResidentSetSize of job (KB)
...
006 (239046.000.000) 2025-08-05 16:10:07 Image size of job updated: 202
	202  -  MemoryUsage of job (MB)
	207628  -  ResidentSetSize of job (KB)
...
006 (239046.000.000) 2025-08-05 16:11:08 Image size of job updated: 283
	283  -  MemoryUsage of job (MB)
	290652  -  ResidentSetSize of job (KB)
...
006 (239046.000.000) 2025-08-05 16:12:08 Image size of job updated: 617
	617  -  MemoryUsage of job (MB)
	632072  -  ResidentSetSize of job (KB)
...
006 (239046.000.000) 2025-08-05 16:14:12 Image size of job updated: 664
	664  -  MemoryUsage of job (MB)
	680668  -  ResidentSetSize of job (KB)
...
006 (239046.000.000) 2025-08-05 16:15:13 Image size of job updated: 3946
	3946  -  MemoryUsage of job (MB)
	4041364  -  ResidentSetSize of job (KB)
...
006 (239046.000.000) 2025-08-05 16:23:16 Image size of job updated: 5325
	5325  -  MemoryUsage of job (MB)
	5452856  -  ResidentSetSize of job (KB)
...
006 (239046.000.000) 2025-08-05 17:46:09 Image size of job updated: 5344
	5344  -  MemoryUsage of job (MB)
	5473128  -  ResidentSetSize of job (KB)
...
006 (239046.000.000) 2025-08-05 17:47:09 Image size of job updated: 5396
	5396  -  MemoryUsage of job (MB)
	5526384  -  ResidentSetSize of job (KB)
...
006 (239046.000.000) 2025-08-05 17:47:29 Image size of job updated: 5408
	5408  -  MemoryUsage of job (MB)
	5538200  -  ResidentSetSize of job (KB)
...
040 (239046.000.000) 2025-08-05 17:47:29 Started transferring output files
...
040 (239046.000.000) 2025-08-05 17:47:30 Finished transferring output files
...
005 (239046.000.000) 2025-08-05 17:47:30 Job terminated.
	(1) Normal termination (return value 0)
		Usr 0 11:02:03, Sys 0 00:07:55  -  Run Remote Usage
		Usr 0 00:00:00, Sys 0 00:00:00  -  Run Local Usage
		Usr 0 11:02:03, Sys 0 00:07:55  -  Total Remote Usage
		Usr 0 00:00:00, Sys 0 00:00:00  -  Total Local Usage
	66485356  -  Run Bytes Sent By Job
	47550  -  Run Bytes Received By Job
	66485356  -  Total Bytes Sent By Job
	47550  -  Total Bytes Received By Job
	Partitionable Resources :      Usage  Request Allocated 
	   Cpus                 :       0.03        8         8 
	   Disk (KB)            : 8289985          40      4322 
	   GPUs                 :                             0 
	   Memory (MB)          :    5408        8000      8000 
	   TimeExecute (s)      :    6093                       
	   TimeSlotBusy (s)     :    6095                       

	Job terminated of its own accord at 2025-08-05T22:47:29Z with exit-code 0.
...
