000 (55023857.000.000) 2025-08-04 08:32:21 Job submitted from host: <131.225.204.62:9618?addrs=131.225.204.62-9618+[2620-6a-0-8420-f0-0-204-62]-9618&alias=lpcschedd5.fnal.gov&noUDP&sock=schedd_3408162_3b52>
...
040 (55023857.000.000) 2025-08-04 08:32:28 Started transferring input files
	Transferring to host: <131.225.204.131:9618?addrs=[2620-6a-0-8420-f0-0-204-131]-9618+131.225.204.131-9618&alias=cmswn2226.fnal.gov&noUDP&sock=slot1_4_2053_462d_10572>
...
040 (55023857.000.000) 2025-08-04 08:32:28 Finished transferring input files
...
001 (55023857.000.000) 2025-08-04 08:32:29 Job executing on host: <131.225.204.131:9618?addrs=[2620-6a-0-8420-f0-0-204-131]-9618+131.225.204.131-9618&alias=cmswn2226.fnal.gov&noUDP&sock=startd_1991_3d26>
	SlotName: slot1_4@cmswn2226.fnal.gov
	CondorScratchDir = "/storage/local/data1/condor/execute/dir_2956770"
	Cpus = 8
	Disk = 4530
	GPUs = 0
	Memory = 8000
...
006 (55023857.000.000) 2025-08-04 08:32:38 Image size of job updated: 28
	28  -  MemoryUsage of job (MB)
	29436  -  ResidentSetSize of job (KB)
...
040 (55023857.000.000) 2025-08-04 08:32:45 Started transferring output files
...
040 (55023857.000.000) 2025-08-04 08:32:45 Finished transferring output files
...
005 (55023857.000.000) 2025-08-04 08:32:46 Job terminated.
	(1) Normal termination (return value 0)
		Usr 0 00:00:02, Sys 0 00:00:00  -  Run Remote Usage
		Usr 0 00:00:00, Sys 0 00:00:00  -  Run Local Usage
		Usr 0 00:00:02, Sys 0 00:00:00  -  Total Remote Usage
		Usr 0 00:00:00, Sys 0 00:00:00  -  Total Local Usage
	1995  -  Run Bytes Sent By Job
	47690  -  Run Bytes Received By Job
	1995  -  Total Bytes Sent By Job
	47690  -  Total Bytes Received By Job
	Partitionable Resources :    Usage  Request Allocated 
	   Cpus                 :        0        8         8 
	   Disk (KB)            :    52320       40      4530 
	   GPUs                 :                           0 
	   Memory (MB)          :       28     8000      8000 
	   TimeExecute (s)      :       16                    
	   TimeSlotBusy (s)     :       18                    

	Job terminated of its own accord at 2025-08-04T13:32:45Z with exit-code 0.
...
