000 (55023859.000.000) 2025-08-04 08:38:30 Job submitted from host: <131.225.204.62:9618?addrs=131.225.204.62-9618+[2620-6a-0-8420-f0-0-204-62]-9618&alias=lpcschedd5.fnal.gov&noUDP&sock=schedd_3408162_3b52>
...
040 (55023859.000.000) 2025-08-04 08:38:40 Started transferring input files
	Transferring to host: <131.225.207.88:9618?addrs=[2620-6a-0-8420-f0-0-207-88]-9618+131.225.207.88-9618&alias=cmswn2187.fnal.gov&noUDP&sock=slot1_6_2062_9d8d_14382>
...
040 (55023859.000.000) 2025-08-04 08:38:40 Finished transferring input files
...
001 (55023859.000.000) 2025-08-04 08:38:41 Job executing on host: <131.225.207.88:9618?addrs=[2620-6a-0-8420-f0-0-207-88]-9618+131.225.207.88-9618&alias=cmswn2187.fnal.gov&noUDP&sock=startd_2004_27e1>
	SlotName: slot1_6@cmswn2187.fnal.gov
	CondorScratchDir = "/storage/local/data1/condor/execute/dir_37348"
	Cpus = 8
	Disk = 4547
	GPUs = 0
	Memory = 8000
...
006 (55023859.000.000) 2025-08-04 08:38:50 Image size of job updated: 30
	30  -  MemoryUsage of job (MB)
	30840  -  ResidentSetSize of job (KB)
...
006 (55023859.000.000) 2025-08-04 08:39:51 Image size of job updated: 42
	42  -  MemoryUsage of job (MB)
	43192  -  ResidentSetSize of job (KB)
...
006 (55023859.000.000) 2025-08-04 08:40:51 Image size of job updated: 54
	54  -  MemoryUsage of job (MB)
	55788  -  ResidentSetSize of job (KB)
...
006 (55023859.000.000) 2025-08-04 08:41:52 Image size of job updated: 141
	141  -  MemoryUsage of job (MB)
	144404  -  ResidentSetSize of job (KB)
...
006 (55023859.000.000) 2025-08-04 08:42:52 Image size of job updated: 178
	178  -  MemoryUsage of job (MB)
	182828  -  ResidentSetSize of job (KB)
...
006 (55023859.000.000) 2025-08-04 08:43:53 Image size of job updated: 187
	187  -  MemoryUsage of job (MB)
	192328  -  ResidentSetSize of job (KB)
...
006 (55023859.000.000) 2025-08-04 08:44:53 Image size of job updated: 225
	225  -  MemoryUsage of job (MB)
	230832  -  ResidentSetSize of job (KB)
...
006 (55023859.000.000) 2025-08-04 08:46:55 Image size of job updated: 594
	594  -  MemoryUsage of job (MB)
	608576  -  ResidentSetSize of job (KB)
...
006 (55023859.000.000) 2025-08-04 08:48:56 Image size of job updated: 638
	638  -  MemoryUsage of job (MB)
	654328  -  ResidentSetSize of job (KB)
...
006 (55023859.000.000) 2025-08-04 08:49:57 Image size of job updated: 3911
	3911  -  MemoryUsage of job (MB)
	4005712  -  ResidentSetSize of job (KB)
...
006 (55023859.000.000) 2025-08-04 10:32:58 Image size of job updated: 4592
	4592  -  MemoryUsage of job (MB)
	4702348  -  ResidentSetSize of job (KB)
...
006 (55023859.000.000) 2025-08-04 10:33:59 Image size of job updated: 4821
	4821  -  MemoryUsage of job (MB)
	4936924  -  ResidentSetSize of job (KB)
...
006 (55023859.000.000) 2025-08-04 12:38:21 Image size of job updated: 5236
	5236  -  MemoryUsage of job (MB)
	5362452  -  ResidentSetSize of job (KB)
...
006 (55023859.000.000) 2025-08-04 12:39:21 Image size of job updated: 5319
	5319  -  MemoryUsage of job (MB)
	5447644  -  ResidentSetSize of job (KB)
...
006 (55023859.000.000) 2025-08-04 12:40:22 Image size of job updated: 5353
	5353  -  MemoryUsage of job (MB)
	5482328  -  ResidentSetSize of job (KB)
...
006 (55023859.000.000) 2025-08-04 12:41:22 Image size of job updated: 5383
	5383  -  MemoryUsage of job (MB)
	5513164  -  ResidentSetSize of job (KB)
...
006 (55023859.000.000) 2025-08-04 12:42:23 Image size of job updated: 5408
	5408  -  MemoryUsage of job (MB)
	5538172  -  ResidentSetSize of job (KB)
...
040 (55023859.000.000) 2025-08-04 12:44:16 Started transferring output files
...
040 (55023859.000.000) 2025-08-04 12:44:18 Finished transferring output files
...
005 (55023859.000.000) 2025-08-04 12:44:20 Job terminated.
	(1) Normal termination (return value 0)
		Usr 1 01:40:19, Sys 0 00:45:57  -  Run Remote Usage
		Usr 0 00:00:00, Sys 0 00:00:00  -  Run Local Usage
		Usr 1 01:40:19, Sys 0 00:45:57  -  Total Remote Usage
		Usr 0 00:00:00, Sys 0 00:00:00  -  Total Local Usage
	66377060  -  Run Bytes Sent By Job
	47618  -  Run Bytes Received By Job
	66377060  -  Total Bytes Sent By Job
	47618  -  Total Bytes Received By Job
	Partitionable Resources :    Usage  Request Allocated 
	   Cpus                 :        0        8         8 
	   Disk (KB)            :  8550837       40      4547 
	   GPUs                 :                           0 
	   Memory (MB)          :     5408     8000      8000 
	   TimeExecute (s)      :    14734                    
	   TimeSlotBusy (s)     :    14741                    

	Job terminated of its own accord at 2025-08-04T17:44:15Z with exit-code 0.
...
