000 (55023858.000.000) 2025-08-04 08:37:36 Job submitted from host: <131.225.204.62:9618?addrs=131.225.204.62-9618+[2620-6a-0-8420-f0-0-204-62]-9618&alias=lpcschedd5.fnal.gov&noUDP&sock=schedd_3408162_3b52>
...
040 (55023858.000.000) 2025-08-04 08:37:57 Started transferring input files
	Transferring to host: <131.225.204.18:9618?addrs=[2620-6a-0-8420-f0-0-204-18]-9618+131.225.204.18-9618&alias=cmswn2167.fnal.gov&noUDP&sock=slot1_5_2090_580e_10902>
...
040 (55023858.000.000) 2025-08-04 08:37:57 Finished transferring input files
...
001 (55023858.000.000) 2025-08-04 08:37:58 Job executing on host: <131.225.204.18:9618?addrs=[2620-6a-0-8420-f0-0-204-18]-9618+131.225.204.18-9618&alias=cmswn2167.fnal.gov&noUDP&sock=startd_2037_ca81>
	SlotName: slot1_5@cmswn2167.fnal.gov
	CondorScratchDir = "/storage/local/data1/condor/execute/dir_1982563"
	Cpus = 8
	Disk = 4539
	GPUs = 0
	Memory = 8000
...
006 (55023858.000.000) 2025-08-04 08:38:06 Image size of job updated: 32
	32  -  MemoryUsage of job (MB)
	33396  -  ResidentSetSize of job (KB)
...
006 (55023858.000.000) 2025-08-04 08:39:08 Image size of job updated: 43
	43  -  MemoryUsage of job (MB)
	44752  -  ResidentSetSize of job (KB)
...
006 (55023858.000.000) 2025-08-04 08:40:08 Image size of job updated: 94
	94  -  MemoryUsage of job (MB)
	96444  -  ResidentSetSize of job (KB)
...
006 (55023858.000.000) 2025-08-04 08:41:08 Image size of job updated: 178
	178  -  MemoryUsage of job (MB)
	182612  -  ResidentSetSize of job (KB)
...
006 (55023858.000.000) 2025-08-04 08:42:10 Image size of job updated: 187
	187  -  MemoryUsage of job (MB)
	192444  -  ResidentSetSize of job (KB)
...
006 (55023858.000.000) 2025-08-04 08:43:10 Image size of job updated: 277
	277  -  MemoryUsage of job (MB)
	284196  -  ResidentSetSize of job (KB)
...
006 (55023858.000.000) 2025-08-04 08:44:10 Image size of job updated: 294
	294  -  MemoryUsage of job (MB)
	301140  -  ResidentSetSize of job (KB)
...
006 (55023858.000.000) 2025-08-04 08:45:11 Image size of job updated: 363
	363  -  MemoryUsage of job (MB)
	372340  -  ResidentSetSize of job (KB)
...
006 (55023858.000.000) 2025-08-04 08:47:11 Image size of job updated: 641
	641  -  MemoryUsage of job (MB)
	656484  -  ResidentSetSize of job (KB)
...
006 (55023858.000.000) 2025-08-04 08:48:12 Image size of job updated: 3510
	3510  -  MemoryUsage of job (MB)
	3594748  -  ResidentSetSize of job (KB)
...
006 (55023858.000.000) 2025-08-04 09:00:18 Image size of job updated: 5154
	5154  -  MemoryUsage of job (MB)
	5278216  -  ResidentSetSize of job (KB)
...
006 (55023858.000.000) 2025-08-04 11:19:27 Image size of job updated: 5305
	5305  -  MemoryUsage of job (MB)
	5433308  -  ResidentSetSize of job (KB)
...
006 (55023858.000.000) 2025-08-04 11:20:28 Image size of job updated: 5349
	5349  -  MemoryUsage of job (MB)
	5478384  -  ResidentSetSize of job (KB)
...
006 (55023858.000.000) 2025-08-04 11:21:28 Image size of job updated: 5389
	5389  -  MemoryUsage of job (MB)
	5519344  -  ResidentSetSize of job (KB)
...
006 (55023858.000.000) 2025-08-04 11:22:29 Image size of job updated: 5407
	5407  -  MemoryUsage of job (MB)
	5537692  -  ResidentSetSize of job (KB)
...
040 (55023858.000.000) 2025-08-04 11:22:45 Started transferring output files
...
040 (55023858.000.000) 2025-08-04 11:22:46 Finished transferring output files
...
005 (55023858.000.000) 2025-08-04 11:22:47 Job terminated.
	(1) Normal termination (return value 0)
		Usr 0 18:06:29, Sys 0 00:11:50  -  Run Remote Usage
		Usr 0 00:00:00, Sys 0 00:00:00  -  Run Local Usage
		Usr 0 18:06:29, Sys 0 00:11:50  -  Total Remote Usage
		Usr 0 00:00:00, Sys 0 00:00:00  -  Total Local Usage
	66718476  -  Run Bytes Sent By Job
	47618  -  Run Bytes Received By Job
	66718476  -  Total Bytes Sent By Job
	47618  -  Total Bytes Received By Job
	Partitionable Resources :      Usage  Request Allocated 
	   Cpus                 :       0.00        8         8 
	   Disk (KB)            : 8468282          40      4539 
	   GPUs                 :                             0 
	   Memory (MB)          :    5407        8000      8000 
	   TimeExecute (s)      :    9887                       
	   TimeSlotBusy (s)     :    9891                       

	Job terminated of its own accord at 2025-08-04T16:22:45Z with exit-code 0.
...
