000 (80009312.000.000) 2025-08-04 11:33:18 Job submitted from host: <131.225.189.168:9618?addrs=131.225.189.168-9618+[2620-6a-0-8421-f0-0-189-168]-9618&alias=lpcschedd6.fnal.gov&noUDP&sock=schedd_3669665_89f1>
...
040 (80009312.000.000) 2025-08-04 11:33:34 Started transferring input files
	Transferring to host: <131.225.204.130:9618?addrs=[2620-6a-0-8420-f0-0-204-130]-9618+131.225.204.130-9618&alias=cmswn2225.fnal.gov&noUDP&sock=slot1_14_2063_51ed_13439>
...
040 (80009312.000.000) 2025-08-04 11:33:34 Finished transferring input files
...
001 (80009312.000.000) 2025-08-04 11:33:35 Job executing on host: <131.225.204.130:9618?addrs=[2620-6a-0-8420-f0-0-204-130]-9618+131.225.204.130-9618&alias=cmswn2225.fnal.gov&noUDP&sock=startd_2020_2165>
	SlotName: slot1_14@cmswn2225.fnal.gov
	CondorScratchDir = "/storage/local/data1/condor/execute/dir_4095836"
	Cpus = 8
	Disk = 4535
	GPUs = 0
	Memory = 8000
...
006 (80009312.000.000) 2025-08-04 11:33:44 Image size of job updated: 30
	30  -  MemoryUsage of job (MB)
	31316  -  ResidentSetSize of job (KB)
...
006 (80009312.000.000) 2025-08-04 11:34:44 Image size of job updated: 41
	41  -  MemoryUsage of job (MB)
	42708  -  ResidentSetSize of job (KB)
...
006 (80009312.000.000) 2025-08-04 11:35:45 Image size of job updated: 92
	92  -  MemoryUsage of job (MB)
	94484  -  ResidentSetSize of job (KB)
...
006 (80009312.000.000) 2025-08-04 11:36:45 Image size of job updated: 176
	176  -  MemoryUsage of job (MB)
	181040  -  ResidentSetSize of job (KB)
...
006 (80009312.000.000) 2025-08-04 11:37:46 Image size of job updated: 185
	185  -  MemoryUsage of job (MB)
	190396  -  ResidentSetSize of job (KB)
...
006 (80009312.000.000) 2025-08-04 11:38:47 Image size of job updated: 194
	194  -  MemoryUsage of job (MB)
	199160  -  ResidentSetSize of job (KB)
...
006 (80009312.000.000) 2025-08-04 11:39:47 Image size of job updated: 245
	245  -  MemoryUsage of job (MB)
	251460  -  ResidentSetSize of job (KB)
...
006 (80009312.000.000) 2025-08-04 11:40:48 Image size of job updated: 654
	654  -  MemoryUsage of job (MB)
	669832  -  ResidentSetSize of job (KB)
...
006 (80009312.000.000) 2025-08-04 11:42:49 Image size of job updated: 4171
	4171  -  MemoryUsage of job (MB)
	4271256  -  ResidentSetSize of job (KB)
...
006 (80009312.000.000) 2025-08-04 11:52:54 Image size of job updated: 5304
	5304  -  MemoryUsage of job (MB)
	5432308  -  ResidentSetSize of job (KB)
...
006 (80009312.000.000) 2025-08-04 14:09:12 Image size of job updated: 5336
	5336  -  MemoryUsage of job (MB)
	5464248  -  ResidentSetSize of job (KB)
...
006 (80009312.000.000) 2025-08-04 14:10:13 Image size of job updated: 5392
	5392  -  MemoryUsage of job (MB)
	5521596  -  ResidentSetSize of job (KB)
...
006 (80009312.000.000) 2025-08-04 14:11:08 Image size of job updated: 5405
	5405  -  MemoryUsage of job (MB)
	5535684  -  ResidentSetSize of job (KB)
...
040 (80009312.000.000) 2025-08-04 14:11:08 Started transferring output files
...
040 (80009312.000.000) 2025-08-04 14:11:11 Finished transferring output files
...
005 (80009312.000.000) 2025-08-04 14:11:11 Job terminated.
	(1) Normal termination (return value 0)
		Usr 0 16:56:38, Sys 0 00:08:52  -  Run Remote Usage
		Usr 0 00:00:00, Sys 0 00:00:00  -  Run Local Usage
		Usr 0 16:56:38, Sys 0 00:08:52  -  Total Remote Usage
		Usr 0 00:00:00, Sys 0 00:00:00  -  Total Local Usage
	66682736  -  Run Bytes Sent By Job
	47618  -  Run Bytes Received By Job
	66682736  -  Total Bytes Sent By Job
	47618  -  Total Bytes Received By Job
	Partitionable Resources :    Usage  Request Allocated 
	   Cpus                 :        0        8         8 
	   Disk (KB)            :  8512055       40      4535 
	   GPUs                 :                           0 
	   Memory (MB)          :     5405     8000      8000 
	   TimeExecute (s)      :     9453                    
	   TimeSlotBusy (s)     :     9457                    

	Job terminated of its own accord at 2025-08-04T19:11:08Z with exit-code 0.
...
