000 (56819083.000.000) 2025-10-03 09:46:25 Job submitted from host: <131.225.204.62:9618?addrs=131.225.204.62-9618+[2620-6a-0-8420-f0-0-204-62]-9618&alias=lpcschedd5.fnal.gov&noUDP&sock=schedd_2225_be50>
...
040 (56819083.000.000) 2025-10-03 09:46:28 Started transferring input files
	Transferring to host: <131.225.207.138:9618?addrs=[2620-6a-0-8420-f0-0-207-138]-9618+131.225.207.138-9618&alias=cmswn2196.fnal.gov&noUDP&sock=slot1_15_2058_cc0d_9730>
...
040 (56819083.000.000) 2025-10-03 09:46:28 Finished transferring input files
...
001 (56819083.000.000) 2025-10-03 09:46:29 Job executing on host: <131.225.207.138:9618?addrs=[2620-6a-0-8420-f0-0-207-138]-9618+131.225.207.138-9618&alias=cmswn2196.fnal.gov&noUDP&sock=startd_1988_2e5d>
	SlotName: slot1_15@cmswn2196.fnal.gov
	CondorScratchDir = "/storage/local/data1/condor/execute/dir_2552584"
	Cpus = 2
	Disk = 4540
	GPUs = 0
	Memory = 8000
...
040 (56819083.000.000) 2025-10-03 09:46:32 Started transferring output files
...
040 (56819083.000.000) 2025-10-03 09:46:32 Finished transferring output files
...
005 (56819083.000.000) 2025-10-03 09:46:33 Job terminated.
	(1) Normal termination (return value 1)
		Usr 0 00:00:00, Sys 0 00:00:00  -  Run Remote Usage
		Usr 0 00:00:00, Sys 0 00:00:00  -  Run Local Usage
		Usr 0 00:00:00, Sys 0 00:00:00  -  Total Remote Usage
		Usr 0 00:00:00, Sys 0 00:00:00  -  Total Local Usage
	648  -  Run Bytes Sent By Job
	10543  -  Run Bytes Received By Job
	648  -  Total Bytes Sent By Job
	10543  -  Total Bytes Received By Job
	Partitionable Resources :    Usage  Request Allocated 
	   Cpus                 :        0        2         2 
	   Disk (KB)            :       38        1      4540 
	   GPUs                 :                           0 
	   Memory (MB)          :              8000      8000 
	   TimeExecute (s)      :        3                    
	   TimeSlotBusy (s)     :        5                    

	Job terminated of its own accord at 2025-10-03T14:46:32Z with exit-code 1.
...
